<?xml version="1.0" encoding="UTF-8"?>
<testsuites name="TabsquareTest" time="23.532" tests="1" failures="0" errors="0">
   <testsuite name="TabsquareTest" tests="1" failures="0" errors="0" time="23.532" skipped="0" timestamp="2022-03-27 22:52:59" hostname="VThazhevadoo - INBMWN154368.ad.harman.com" id="Test Suites/TabsquareTest">
      <properties>
         <property name="deviceName" value=""/>
         <property name="devicePlatform" value=""/>
         <property name="logFolder" value="C:\\Harman\\Katalon\\Project\\DemoQASampleProj\\DemoQaPracticeForm\\Reports\\20220327_225243\\TabsquareTest\\20220327_225243"/>
         <property name="logFiles" value="C:\\Harman\\Katalon\\Project\\DemoQASampleProj\\DemoQaPracticeForm\\Reports\\20220327_225243\\TabsquareTest\\20220327_225243\\execution0.log"/>
         <property name="attachments" value=""/>
         <property name="hostName" value="VThazhevadoo - INBMWN154368.ad.harman.com"/>
         <property name="os" value="Windows 10 64bit"/>
         <property name="katalonVersion" value="8.2.5.208"/>
         <property name="browser" value="Chrome 99.0.4844.82"/>
         <property name="hostAddress" value="192.168.1.3"/>
         <property name="sessionId" value="f6cd7604a130be5f580083b9cd895da5"/>
         <property name="seleniumVersion" value="3.141.59"/>
         <property name="proxyInformation" value="ProxyInformation { proxyOption=NO_PROXY, proxyServerType=HTTP, username=, password=********, proxyServerAddress=, proxyServerPort=0, executionList=&quot;&quot;, isApplyToDesiredCapabilities=true }"/>
         <property name="platform" value="Windows 10"/>
      </properties>
      <testcase name="Test Cases/DemoQA" time="23.231" classname="Test Cases/DemoQA" status="PASSED">
         <system-out><![CDATA[2022-03-27 22:52:59 - [TEST_CASE][PASSED] - Test Cases/DemoQA: Test Cases/DemoQA

2022-03-27 22:53:00 - [TEST_STEP][PASSED] - openBrowser("https://demoqa.com/automation-practice-form"): Browser is opened with url: 'https://demoqa.com/automation-practice-form'

2022-03-27 22:53:00 - [MESSAGE][INFO] - Starting 'Chrome' driver

2022-03-27 22:53:00 - [MESSAGE][INFO] - Action delay is set to 0 milliseconds

2022-03-27 22:53:12 - [MESSAGE][PASSED] - Browser is opened with url: 'https://demoqa.com/automation-practice-form'

2022-03-27 22:53:12 - [TEST_STEP][PASSED] - maximizeWindow(): Current window maximized

2022-03-27 22:53:12 - [MESSAGE][PASSED] - Current window maximized

2022-03-27 22:53:12 - [TEST_STEP][PASSED] - waitForElementPresent(findTestObject("DemoQAApplication/input_Name_firstName"), 0): Object 'Object Repository/DemoQAApplication/input_Name_firstName' is present

2022-03-27 22:53:12 - [MESSAGE][WARNING] - Timeout '0' is invalid. Using default page load timeout: '30'

2022-03-27 22:53:13 - [MESSAGE][PASSED] - Object 'Object Repository/DemoQAApplication/input_Name_firstName' is present

2022-03-27 22:53:13 - [TEST_STEP][PASSED] - setText(findTestObject("DemoQAApplication/input_Name_firstName"), "VIVEK"): Text 'VIVEK' is set on object 'Object Repository/DemoQAApplication/input_Name_firstName'

2022-03-27 22:53:14 - [MESSAGE][PASSED] - Text 'VIVEK' is set on object 'Object Repository/DemoQAApplication/input_Name_firstName'

2022-03-27 22:53:14 - [TEST_STEP][PASSED] - setText(findTestObject("DemoQAApplication/input_Name_lastName"), "TV"): Text 'TV' is set on object 'Object Repository/DemoQAApplication/input_Name_lastName'

2022-03-27 22:53:15 - [MESSAGE][PASSED] - Text 'TV' is set on object 'Object Repository/DemoQAApplication/input_Name_lastName'

2022-03-27 22:53:15 - [TEST_STEP][PASSED] - setText(findTestObject("DemoQAApplication/input_Email_userEmail"), "vivek@gmail.com"): Text 'vivek@gmail.com' is set on object 'Object Repository/DemoQAApplication/input_Email_userEmail'

2022-03-27 22:53:15 - [MESSAGE][PASSED] - Text 'vivek@gmail.com' is set on object 'Object Repository/DemoQAApplication/input_Email_userEmail'

2022-03-27 22:53:15 - [TEST_STEP][PASSED] - click(findTestObject("DemoQAApplication/label_Male")): Object: 'Object Repository/DemoQAApplication/label_Male' is clicked on

2022-03-27 22:53:16 - [MESSAGE][PASSED] - Object: 'Object Repository/DemoQAApplication/label_Male' is clicked on

2022-03-27 22:53:16 - [TEST_STEP][PASSED] - setText(findTestObject("DemoQAApplication/input_MobNumber"), "1234567890"): Text '1234567890' is set on object 'Object Repository/DemoQAApplication/input_MobNumber'

2022-03-27 22:53:16 - [MESSAGE][PASSED] - Text '1234567890' is set on object 'Object Repository/DemoQAApplication/input_MobNumber'

2022-03-27 22:53:16 - [TEST_STEP][PASSED] - sendKeys(findTestObject("DemoQAApplication/input_Subjects_subjectsInput"), "Test Project"): Keys 'Test Project' sent to object: 'Object Repository/DemoQAApplication/input_Subjects_subjectsInput'

2022-03-27 22:53:17 - [MESSAGE][PASSED] - Keys 'Test Project' sent to object: 'Object Repository/DemoQAApplication/input_Subjects_subjectsInput'

2022-03-27 22:53:17 - [TEST_STEP][PASSED] - delay(2): Delayed 2 second(s)

2022-03-27 22:53:19 - [MESSAGE][PASSED] - Delayed 2 second(s)

2022-03-27 22:53:19 - [TEST_STEP][PASSED] - click(findTestObject("DemoQAApplication/label_Sports")): Object: 'Object Repository/DemoQAApplication/label_Sports' is clicked on

2022-03-27 22:53:19 - [MESSAGE][PASSED] - Object: 'Object Repository/DemoQAApplication/label_Sports' is clicked on

2022-03-27 22:53:19 - [TEST_STEP][PASSED] - setText(findTestObject("DemoQAApplication/textarea_Current Address_currentAddress"), "Bangalore"): Text 'Bangalore' is set on object 'Object Repository/DemoQAApplication/textarea_Current Address_currentAddress'

2022-03-27 22:53:20 - [MESSAGE][PASSED] - Text 'Bangalore' is set on object 'Object Repository/DemoQAApplication/textarea_Current Address_currentAddress'

2022-03-27 22:53:20 - [TEST_STEP][PASSED] - scrollToElement(findTestObject("DemoQAApplication/button_Submit"), 0): Scroll to object 'Object Repository/DemoQAApplication/button_Submit' successfully

2022-03-27 22:53:20 - [MESSAGE][WARNING] - Timeout '0' is invalid. Using default page load timeout: '30'

2022-03-27 22:53:21 - [MESSAGE][PASSED] - Scroll to object 'Object Repository/DemoQAApplication/button_Submit' successfully

2022-03-27 22:53:21 - [TEST_STEP][PASSED] - submit(findTestObject("DemoQAApplication/button_Submit")): The form containing object: 'Object Repository/DemoQAApplication/button_Submit' is submitted

2022-03-27 22:53:21 - [MESSAGE][PASSED] - The form containing object: 'Object Repository/DemoQAApplication/button_Submit' is submitted

2022-03-27 22:53:21 - [TEST_STEP][PASSED] - verifyElementPresent(findTestObject("DemoQAApplication/div_Thanks for submitting the form"), 0): Object 'Object Repository/DemoQAApplication/div_Thanks for submitting the form' is present

2022-03-27 22:53:21 - [MESSAGE][WARNING] - Timeout '0' is invalid. Using default page load timeout: '30'

2022-03-27 22:53:22 - [MESSAGE][PASSED] - Object 'Object Repository/DemoQAApplication/div_Thanks for submitting the form' is present

2022-03-27 22:53:22 - [TEST_STEP][PASSED] - closeBrowser(): Browser is closed

2022-03-27 22:53:22 - [MESSAGE][PASSED] - Browser is closed]]></system-out>
         <system-err><![CDATA[]]></system-err>
      </testcase>
      <system-out><![CDATA[2022-03-27 22:52:59 - [TEST_SUITE][PASSED] - TabsquareTest: Test Cases/DemoQA]]></system-out>
      <system-err><![CDATA[]]></system-err>
   </testsuite>
</testsuites>
